{
  "stats": {
    "suites": 1,
    "tests": 7,
    "passes": 5,
    "pending": 2,
    "failures": 0,
    "start": "2024-11-06T14:30:51.291Z",
    "end": "2024-11-06T14:30:52.901Z",
    "duration": 1610,
    "testsRegistered": 7,
    "passPercent": 100,
    "pendingPercent": 28.57142857142857,
    "other": 0,
    "hasOther": false,
    "skipped": 0,
    "hasSkipped": false
  },
  "results": [
    {
      "uuid": "4654a460-22b2-4a00-8922-bec9b3a6b4fa",
      "title": "",
      "fullFile": "/Users/mkamyk/Desktop/testwarez/TestWarezWorkshop/tests/api.test.js",
      "file": "/tests/api.test.js",
      "beforeHooks": [],
      "afterHooks": [],
      "tests": [],
      "suites": [
        {
          "uuid": "191c799a-5522-40e2-a37e-6f4e5a3ea9bc",
          "title": "Api tests",
          "fullFile": "/Users/mkamyk/Desktop/testwarez/TestWarezWorkshop/tests/api.test.js",
          "file": "/tests/api.test.js",
          "beforeHooks": [],
          "afterHooks": [],
          "tests": [
            {
              "title": "get request",
              "fullTitle": "Api tests get request",
              "timedOut": false,
              "duration": 0,
              "state": "pending",
              "speed": null,
              "pass": false,
              "fail": false,
              "pending": true,
              "context": null,
              "code": "",
              "err": {},
              "uuid": "2c37451c-cbb1-4928-9dd3-77979ed56e87",
              "parentUUID": "191c799a-5522-40e2-a37e-6f4e5a3ea9bc",
              "isHook": false,
              "skipped": false
            },
            {
              "title": "Create a user",
              "fullTitle": "Api tests Create a user",
              "timedOut": false,
              "duration": 0,
              "state": "pending",
              "speed": null,
              "pass": false,
              "fail": false,
              "pending": true,
              "context": null,
              "code": "",
              "err": {},
              "uuid": "033d67dd-fa94-4b6e-b10d-23f3e0467db1",
              "parentUUID": "191c799a-5522-40e2-a37e-6f4e5a3ea9bc",
              "isHook": false,
              "skipped": false
            },
            {
              "title": "Generate token",
              "fullTitle": "Api tests Generate token",
              "timedOut": false,
              "duration": 998,
              "state": "passed",
              "speed": "slow",
              "pass": true,
              "fail": false,
              "pending": false,
              "context": null,
              "code": "const response = await spec()\n.post(`${baseURL}/Account/v1/GenerateToken`)\n.withBody({\n  \"userName\": user,\n  \"password\": process.env.SECRET_PASSWORD,\n})\n.inspect();\ntoken_response = response.body.token;\nexpect(response.statusCode).to.eql(200);\nexpect(response.body.result).to.eql(\"User authorized successfully.\");\n//eyJhbGciOiJIUzI1NiIsInR5cCI6IkpXVCJ9.eyJ1c2VyTmFtZSI6IlRlc3RXYXJlel91c2VyNCIsInBhc3N3b3JkIjoiVGVzdDEyMyEiLCJpYXQiOjE3MzA5MDEwOTl9.umWZ2mO-GLq54ERwJs0ls7FL43UzZ0JIk1_mK0H0cXo",
              "err": {},
              "uuid": "7c373528-8205-4050-9a67-cb7e0f39c7ad",
              "parentUUID": "191c799a-5522-40e2-a37e-6f4e5a3ea9bc",
              "isHook": false,
              "skipped": false
            },
            {
              "title": "Add a book",
              "fullTitle": "Api tests Add a book",
              "timedOut": false,
              "duration": 146,
              "state": "passed",
              "speed": "slow",
              "pass": true,
              "fail": false,
              "pending": false,
              "context": null,
              "code": "const response = await spec()\n.post(`${baseURL}/BookStore/v1/Books`)\n.withBearerToken(token_response)\n.inspect()\n.withBody({\n    \"userId\": userID,\n    \"collectionOfIsbns\": [\n      {\n        \"isbn\": \"9781449331818\"\n      }\n    ]\n  })\n  expect(response.statusCode).to.eql(201)",
              "err": {},
              "uuid": "2f8f5ba2-c8fd-4b4d-b41e-8476fc41b049",
              "parentUUID": "191c799a-5522-40e2-a37e-6f4e5a3ea9bc",
              "isHook": false,
              "skipped": false
            },
            {
              "title": "Check books in user",
              "fullTitle": "Api tests Check books in user",
              "timedOut": false,
              "duration": 109,
              "state": "passed",
              "speed": "slow",
              "pass": true,
              "fail": false,
              "pending": false,
              "context": null,
              "code": "const response = await spec()\n.get(`${baseURL}/Account/v1/User/${userID}`)\n.inspect()\n.withBearerToken(token_response)\nexpect(response.statusCode).to.eql(200)",
              "err": {},
              "uuid": "47d39fd3-8a26-46a7-92ea-fe32027deb59",
              "parentUUID": "191c799a-5522-40e2-a37e-6f4e5a3ea9bc",
              "isHook": false,
              "skipped": false
            },
            {
              "title": "Delete all books",
              "fullTitle": "Api tests Delete all books",
              "timedOut": false,
              "duration": 241,
              "state": "passed",
              "speed": "slow",
              "pass": true,
              "fail": false,
              "pending": false,
              "context": null,
              "code": "const response = await spec()\n.delete(`${baseURL}/BookStore/v1/Books?UserId=${userID}`)\n.inspect()\n.withBearerToken(token_response)\nexpect(response.statusCode).to.eql(204)",
              "err": {},
              "uuid": "0229565f-8b6f-46e9-a6f1-c2ac55001638",
              "parentUUID": "191c799a-5522-40e2-a37e-6f4e5a3ea9bc",
              "isHook": false,
              "skipped": false
            },
            {
              "title": "Check books in user",
              "fullTitle": "Api tests Check books in user",
              "timedOut": false,
              "duration": 101,
              "state": "passed",
              "speed": "slow",
              "pass": true,
              "fail": false,
              "pending": false,
              "context": null,
              "code": "const response = await spec()\n.get(`${baseURL}/Account/v1/User/${userID}`)\n.inspect()\n.withBearerToken(token_response)\nexpect(response.statusCode).to.eql(200)\nexpect(response.body.books).to.eql([])",
              "err": {},
              "uuid": "d1033b71-48d8-46d8-8cd6-cfac946f35a2",
              "parentUUID": "191c799a-5522-40e2-a37e-6f4e5a3ea9bc",
              "isHook": false,
              "skipped": false
            }
          ],
          "suites": [],
          "passes": [
            "7c373528-8205-4050-9a67-cb7e0f39c7ad",
            "2f8f5ba2-c8fd-4b4d-b41e-8476fc41b049",
            "47d39fd3-8a26-46a7-92ea-fe32027deb59",
            "0229565f-8b6f-46e9-a6f1-c2ac55001638",
            "d1033b71-48d8-46d8-8cd6-cfac946f35a2"
          ],
          "failures": [],
          "pending": [
            "2c37451c-cbb1-4928-9dd3-77979ed56e87",
            "033d67dd-fa94-4b6e-b10d-23f3e0467db1"
          ],
          "skipped": [],
          "duration": 1595,
          "root": false,
          "rootEmpty": false,
          "_timeout": 10000
        }
      ],
      "passes": [],
      "failures": [],
      "pending": [],
      "skipped": [],
      "duration": 0,
      "root": true,
      "rootEmpty": true,
      "_timeout": 10000
    }
  ],
  "meta": {
    "mocha": {
      "version": "10.8.2"
    },
    "mochawesome": {
      "options": {
        "quiet": false,
        "reportFilename": "mochawesome",
        "saveHtml": true,
        "saveJson": true,
        "consoleReporter": "spec",
        "useInlineDiffs": false,
        "code": true
      },
      "version": "7.1.3"
    },
    "marge": {
      "options": null,
      "version": "6.2.0"
    }
  }
}