{
  "stats": {
    "suites": 1,
    "tests": 4,
    "passes": 0,
    "pending": 3,
    "failures": 1,
    "start": "2024-11-06T14:19:47.672Z",
    "end": "2024-11-06T14:19:47.866Z",
    "duration": 194,
    "testsRegistered": 4,
    "passPercent": 0,
    "pendingPercent": 75,
    "other": 0,
    "hasOther": false,
    "skipped": 0,
    "hasSkipped": false
  },
  "results": [
    {
      "uuid": "78e163d1-28ba-4f98-a2ea-578e7c5eae8a",
      "title": "",
      "fullFile": "/Users/mkamyk/Desktop/testwarez/TestWarezWorkshop/tests/api.test.js",
      "file": "/tests/api.test.js",
      "beforeHooks": [],
      "afterHooks": [],
      "tests": [],
      "suites": [
        {
          "uuid": "23e0ff59-0573-4c13-ac98-6af6595a5c32",
          "title": "Api tests",
          "fullFile": "/Users/mkamyk/Desktop/testwarez/TestWarezWorkshop/tests/api.test.js",
          "file": "/tests/api.test.js",
          "beforeHooks": [],
          "afterHooks": [],
          "tests": [
            {
              "title": "get request",
              "fullTitle": "Api tests get request",
              "timedOut": false,
              "duration": 0,
              "state": "pending",
              "speed": null,
              "pass": false,
              "fail": false,
              "pending": true,
              "context": null,
              "code": "",
              "err": {},
              "uuid": "576cecaa-b399-48fc-8e3d-65cdece69112",
              "parentUUID": "23e0ff59-0573-4c13-ac98-6af6595a5c32",
              "isHook": false,
              "skipped": false
            },
            {
              "title": "Create a user",
              "fullTitle": "Api tests Create a user",
              "timedOut": false,
              "duration": 0,
              "state": "pending",
              "speed": null,
              "pass": false,
              "fail": false,
              "pending": true,
              "context": null,
              "code": "",
              "err": {},
              "uuid": "8a39a14c-ff5f-41d3-8c98-7a3a6a285a60",
              "parentUUID": "23e0ff59-0573-4c13-ac98-6af6595a5c32",
              "isHook": false,
              "skipped": false
            },
            {
              "title": "Generate token",
              "fullTitle": "Api tests Generate token",
              "timedOut": false,
              "duration": 0,
              "state": "pending",
              "speed": null,
              "pass": false,
              "fail": false,
              "pending": true,
              "context": null,
              "code": "",
              "err": {},
              "uuid": "2a05e822-dad0-4931-880c-69f16ddd1be4",
              "parentUUID": "23e0ff59-0573-4c13-ac98-6af6595a5c32",
              "isHook": false,
              "skipped": false
            },
            {
              "title": "Add a book",
              "fullTitle": "Api tests Add a book",
              "timedOut": false,
              "duration": 186,
              "state": "failed",
              "speed": null,
              "pass": false,
              "fail": true,
              "pending": false,
              "context": null,
              "code": "const response = await spec()\n.post(`${baseURL}/BookStore/v1/Books`)\n.withBody({\n  \"userId\": userID,\n  \"collectionOfIsbns\": [\n    {\n      \"isbn\": isbn\n    }\n  ]    \n})\n.inspect()\nexpect(response.statusCode).to.eql(200);",
              "err": {
                "message": "AssertionError: expected 401 to deeply equal 200",
                "estack": "AssertionError: expected 401 to deeply equal 200\n    at Context.<anonymous> (file:///Users/mkamyk/Desktop/testwarez/TestWarezWorkshop/tests/api.test.js:61:36)\n    at process.processTicksAndRejections (node:internal/process/task_queues:105:5)",
                "diff": "- 401\n+ 200\n"
              },
              "uuid": "7c0a02d1-7855-4d7f-a950-456c84d502e4",
              "parentUUID": "23e0ff59-0573-4c13-ac98-6af6595a5c32",
              "isHook": false,
              "skipped": false
            }
          ],
          "suites": [],
          "passes": [],
          "failures": [
            "7c0a02d1-7855-4d7f-a950-456c84d502e4"
          ],
          "pending": [
            "576cecaa-b399-48fc-8e3d-65cdece69112",
            "8a39a14c-ff5f-41d3-8c98-7a3a6a285a60",
            "2a05e822-dad0-4931-880c-69f16ddd1be4"
          ],
          "skipped": [],
          "duration": 186,
          "root": false,
          "rootEmpty": false,
          "_timeout": 10000
        }
      ],
      "passes": [],
      "failures": [],
      "pending": [],
      "skipped": [],
      "duration": 0,
      "root": true,
      "rootEmpty": true,
      "_timeout": 10000
    }
  ],
  "meta": {
    "mocha": {
      "version": "10.8.2"
    },
    "mochawesome": {
      "options": {
        "quiet": false,
        "reportFilename": "mochawesome",
        "saveHtml": true,
        "saveJson": true,
        "consoleReporter": "spec",
        "useInlineDiffs": false,
        "code": true
      },
      "version": "7.1.3"
    },
    "marge": {
      "options": null,
      "version": "6.2.0"
    }
  }
}